<?xml version="1.0" encoding="UTF-8"?>
<robot generator="Robot 3.2.1 (Python 3.8.5 on win32)" generated="20200730 10:20:54.994" rpa="false">
<suite id="s1" name="Receber-Pedidos" source="C:\roboweek\ninjachef\web\tests\receber-pedidos.robot">
<test id="s1-t1" name="Receber novo pedido">
<kw name="Open Session" library="base" type="setup">
<kw name="Open Browser" library="SeleniumLibrary">
<doc>Opens a new browser instance to the optional ``url``.</doc>
<arguments>
<arg>abaout:blank</arg>
<arg>chrome</arg>
</arguments>
<msg timestamp="20200730 10:20:55.312" level="INFO">Opening browser 'chrome' to base url 'abaout:blank'.</msg>
<status status="PASS" starttime="20200730 10:20:55.312" endtime="20200730 10:20:58.510"></status>
</kw>
<kw name="Maximize Browser Window" library="SeleniumLibrary">
<doc>Maximizes current browser window.</doc>
<status status="PASS" starttime="20200730 10:20:58.510" endtime="20200730 10:21:00.679"></status>
</kw>
<status status="PASS" starttime="20200730 10:20:55.311" endtime="20200730 10:21:00.680"></status>
</kw>
<kw name="Dado que &quot;eduardoguedes@gmail.com&quot; é minha conta de cozinheiro">
<kw name="Set Test Variable" library="BuiltIn">
<doc>Makes a variable available everywhere within the scope of the current test.</doc>
<arguments>
<arg>${email_cozinheiro}</arg>
</arguments>
<msg timestamp="20200730 10:21:00.686" level="INFO">${email_cozinheiro} = eduardoguedes@gmail.com</msg>
<status status="PASS" starttime="20200730 10:21:00.684" endtime="20200730 10:21:00.686"></status>
</kw>
<kw name="Create Dictionary" library="BuiltIn">
<doc>Creates and returns a dictionary based on the given ``items``.</doc>
<arguments>
<arg>Content-Type=application/json</arg>
</arguments>
<assign>
<var>&amp;{headers}</var>
</assign>
<msg timestamp="20200730 10:21:00.690" level="INFO">&amp;{headers} = { Content-Type=application/json }</msg>
<status status="PASS" starttime="20200730 10:21:00.687" endtime="20200730 10:21:00.690"></status>
</kw>
<kw name="Create Dictionary" library="BuiltIn">
<doc>Creates and returns a dictionary based on the given ``items``.</doc>
<arguments>
<arg>email=${email_cozinheiro}</arg>
</arguments>
<assign>
<var>&amp;{payload}</var>
</assign>
<msg timestamp="20200730 10:21:00.692" level="INFO">&amp;{payload} = { email=eduardoguedes@gmail.com }</msg>
<status status="PASS" starttime="20200730 10:21:00.691" endtime="20200730 10:21:00.692"></status>
</kw>
<kw name="Create Session" library="RequestsLibrary">
<doc>Create Session: create a HTTP session to a server</doc>
<arguments>
<arg>api-ninja</arg>
<arg>http://ninjachef-api-qaninja-io.umbler.net</arg>
</arguments>
<msg timestamp="20200730 10:21:00.693" level="INFO">Creating Session using : alias=api-ninja, url=http://ninjachef-api-qaninja-io.umbler.net, headers={},                     cookies={}, auth=None, timeout=None, proxies=None, verify=False,                     debug=0 </msg>
<status status="PASS" starttime="20200730 10:21:00.693" endtime="20200730 10:21:00.694"></status>
</kw>
<kw name="Post Request" library="RequestsLibrary">
<doc>Send a POST request on the session object found using the
given `alias`</doc>
<arguments>
<arg>api-ninja</arg>
<arg>/sessions</arg>
<arg>data=${payload}</arg>
<arg>headers=${headers}</arg>
</arguments>
<assign>
<var>${resp}</var>
</assign>
<msg timestamp="20200730 10:21:01.667" level="INFO">POST Request : url=http://ninjachef-api-qaninja-io.umbler.net/sessions 
 path_url=/sessions 
 headers={'User-Agent': 'python-requests/2.24.0', 'Accept-Encoding': 'gzip, deflate', 'Accept': '*/*', 'Connection': 'keep-alive', 'Content-Type': 'application/json', 'Content-Length': '36'} 
 body={"email": "eduardoguedes@gmail.com"} 
 </msg>
<msg timestamp="20200730 10:21:01.667" level="INFO">POST Response : url=http://ninjachef-api-qaninja-io.umbler.net/sessions 
 status=200, reason=OK 
 body={"_id":"5f1f9f7e42f1f60016038de8","email":"eduardoguedes@gmail.com","__v":0} 
 </msg>
<msg timestamp="20200730 10:21:01.668" level="INFO">${resp} = &lt;Response [200]&gt;</msg>
<status status="PASS" starttime="20200730 10:21:00.694" endtime="20200730 10:21:01.668"></status>
</kw>
<kw name="Status Should Be" library="RequestsLibrary">
<doc>Fails if response status code is different than the expected.</doc>
<arguments>
<arg>200</arg>
<arg>${resp}</arg>
</arguments>
<status status="PASS" starttime="20200730 10:21:01.668" endtime="20200730 10:21:01.668"></status>
</kw>
<kw name="Convert To String" library="BuiltIn">
<doc>Converts the given item to a Unicode string.</doc>
<arguments>
<arg>${resp.json()['_id']}</arg>
</arguments>
<assign>
<var>${token_cozinheiro}</var>
</assign>
<msg timestamp="20200730 10:21:01.668" level="INFO">${token_cozinheiro} = 5f1f9f7e42f1f60016038de8</msg>
<status status="PASS" starttime="20200730 10:21:01.668" endtime="20200730 10:21:01.668"></status>
</kw>
<kw name="Set Test Variable" library="BuiltIn">
<doc>Makes a variable available everywhere within the scope of the current test.</doc>
<arguments>
<arg>${token_cozinheiro}</arg>
</arguments>
<msg timestamp="20200730 10:21:01.669" level="INFO">${token_cozinheiro} = 5f1f9f7e42f1f60016038de8</msg>
<status status="PASS" starttime="20200730 10:21:01.669" endtime="20200730 10:21:01.669"></status>
</kw>
<status status="PASS" starttime="20200730 10:21:00.683" endtime="20200730 10:21:01.669"></status>
</kw>
<kw name="E &quot;fernando@bol.com&quot; é o email do meu cliente">
<kw name="Set Test Variable" library="BuiltIn">
<doc>Makes a variable available everywhere within the scope of the current test.</doc>
<arguments>
<arg>${email_cliente}</arg>
</arguments>
<msg timestamp="20200730 10:21:01.671" level="INFO">${email_cliente} = fernando@bol.com</msg>
<status status="PASS" starttime="20200730 10:21:01.671" endtime="20200730 10:21:01.671"></status>
</kw>
<kw name="Create Dictionary" library="BuiltIn">
<doc>Creates and returns a dictionary based on the given ``items``.</doc>
<arguments>
<arg>Content-Type=application/json</arg>
</arguments>
<assign>
<var>&amp;{headers}</var>
</assign>
<msg timestamp="20200730 10:21:01.671" level="INFO">&amp;{headers} = { Content-Type=application/json }</msg>
<status status="PASS" starttime="20200730 10:21:01.671" endtime="20200730 10:21:01.672"></status>
</kw>
<kw name="Create Dictionary" library="BuiltIn">
<doc>Creates and returns a dictionary based on the given ``items``.</doc>
<arguments>
<arg>email=${email_cliente}</arg>
</arguments>
<assign>
<var>&amp;{payload}</var>
</assign>
<msg timestamp="20200730 10:21:01.672" level="INFO">&amp;{payload} = { email=fernando@bol.com }</msg>
<status status="PASS" starttime="20200730 10:21:01.672" endtime="20200730 10:21:01.672"></status>
</kw>
<kw name="Create Session" library="RequestsLibrary">
<doc>Create Session: create a HTTP session to a server</doc>
<arguments>
<arg>api-ninja</arg>
<arg>http://ninjachef-api-qaninja-io.umbler.net</arg>
</arguments>
<msg timestamp="20200730 10:21:01.672" level="INFO">Creating Session using : alias=api-ninja, url=http://ninjachef-api-qaninja-io.umbler.net, headers={},                     cookies={}, auth=None, timeout=None, proxies=None, verify=False,                     debug=0 </msg>
<status status="PASS" starttime="20200730 10:21:01.672" endtime="20200730 10:21:01.673"></status>
</kw>
<kw name="Post Request" library="RequestsLibrary">
<doc>Send a POST request on the session object found using the
given `alias`</doc>
<arguments>
<arg>api-ninja</arg>
<arg>/sessions</arg>
<arg>data=${payload}</arg>
<arg>headers=${headers}</arg>
</arguments>
<assign>
<var>${resp}</var>
</assign>
<msg timestamp="20200730 10:21:01.939" level="INFO">POST Request : url=http://ninjachef-api-qaninja-io.umbler.net/sessions 
 path_url=/sessions 
 headers={'User-Agent': 'python-requests/2.24.0', 'Accept-Encoding': 'gzip, deflate', 'Accept': '*/*', 'Connection': 'keep-alive', 'Content-Type': 'application/json', 'Content-Length': '29'} 
 body={"email": "fernando@bol.com"} 
 </msg>
<msg timestamp="20200730 10:21:01.940" level="INFO">POST Response : url=http://ninjachef-api-qaninja-io.umbler.net/sessions 
 status=200, reason=OK 
 body={"_id":"5f223a45fbba920016c6b854","email":"fernando@bol.com","__v":0} 
 </msg>
<msg timestamp="20200730 10:21:01.940" level="INFO">${resp} = &lt;Response [200]&gt;</msg>
<status status="PASS" starttime="20200730 10:21:01.673" endtime="20200730 10:21:01.941"></status>
</kw>
<kw name="Status Should Be" library="RequestsLibrary">
<doc>Fails if response status code is different than the expected.</doc>
<arguments>
<arg>200</arg>
<arg>${resp}</arg>
</arguments>
<status status="PASS" starttime="20200730 10:21:01.941" endtime="20200730 10:21:01.942"></status>
</kw>
<kw name="Convert To String" library="BuiltIn">
<doc>Converts the given item to a Unicode string.</doc>
<arguments>
<arg>${resp.json()['_id']}</arg>
</arguments>
<assign>
<var>${token_cliente}</var>
</assign>
<msg timestamp="20200730 10:21:01.943" level="INFO">${token_cliente} = 5f223a45fbba920016c6b854</msg>
<status status="PASS" starttime="20200730 10:21:01.942" endtime="20200730 10:21:01.943"></status>
</kw>
<kw name="Set Test Variable" library="BuiltIn">
<doc>Makes a variable available everywhere within the scope of the current test.</doc>
<arguments>
<arg>${token_cliente}</arg>
</arguments>
<msg timestamp="20200730 10:21:01.943" level="INFO">${token_cliente} = 5f223a45fbba920016c6b854</msg>
<status status="PASS" starttime="20200730 10:21:01.943" endtime="20200730 10:21:01.943"></status>
</kw>
<status status="PASS" starttime="20200730 10:21:01.670" endtime="20200730 10:21:01.944"></status>
</kw>
<kw name="E que &quot;Carne de Jaca Louca&quot; esta cadastrado no meu dashboard">
<kw name="Set Test Variable" library="BuiltIn">
<doc>Makes a variable available everywhere within the scope of the current test.</doc>
<arguments>
<arg>${produto}</arg>
</arguments>
<msg timestamp="20200730 10:21:01.945" level="INFO">${produto} = Carne de Jaca Louca</msg>
<status status="PASS" starttime="20200730 10:21:01.945" endtime="20200730 10:21:01.945"></status>
</kw>
<kw name="Create Dictionary" library="BuiltIn">
<doc>Creates and returns a dictionary based on the given ``items``.</doc>
<arguments>
<arg>name=${produto}</arg>
<arg>plate=Vegana</arg>
<arg>price=20.00</arg>
</arguments>
<assign>
<var>&amp;{payload}</var>
</assign>
<msg timestamp="20200730 10:21:01.946" level="INFO">&amp;{payload} = { name=Carne de Jaca Louca | plate=Vegana | price=20.00 }</msg>
<status status="PASS" starttime="20200730 10:21:01.945" endtime="20200730 10:21:01.946"></status>
</kw>
<kw name="Get Binary File" library="OperatingSystem">
<doc>Returns the contents of a specified file.</doc>
<arguments>
<arg>${EXECDIR}/resources/images/jaca-louca.jpg</arg>
</arguments>
<assign>
<var>${image_file}</var>
</assign>
<msg timestamp="20200730 10:21:01.946" level="INFO" html="yes">Getting file '&lt;a href="file://C:\roboweek\ninjachef\web\resources\images\jaca-louca.jpg"&gt;C:\roboweek\ninjachef\web\resources\images\jaca-louca.jpg&lt;/a&gt;'.</msg>
<msg timestamp="20200730 10:21:01.969" level="INFO">${image_file} = \xff\xd8\xff\xe0JFIF\xff\xdb\x84		\xff\xc0\xd0"...</msg>
<status status="PASS" starttime="20200730 10:21:01.946" endtime="20200730 10:21:01.969"></status>
</kw>
<kw name="Create Dictionary" library="BuiltIn">
<doc>Creates and returns a dictionary based on the given ``items``.</doc>
<arguments>
<arg>thumbnail=${image_file}</arg>
</arguments>
<assign>
<var>&amp;{files}</var>
</assign>
<msg timestamp="20200730 10:21:01.992" level="INFO">&amp;{files} = { thumbnail=\xff\xd8\xff\xe0JFIF\xff\xdb\x84		\xff\xc0\...</msg>
<status status="PASS" starttime="20200730 10:21:01.969" endtime="20200730 10:21:01.992"></status>
</kw>
<kw name="Create Dictionary" library="BuiltIn">
<doc>Creates and returns a dictionary based on the given ``items``.</doc>
<arguments>
<arg>user_id=${token_cozinheiro}</arg>
</arguments>
<assign>
<var>&amp;{headers}</var>
</assign>
<msg timestamp="20200730 10:21:01.993" level="INFO">&amp;{headers} = { user_id=5f1f9f7e42f1f60016038de8 }</msg>
<status status="PASS" starttime="20200730 10:21:01.992" endtime="20200730 10:21:01.993"></status>
</kw>
<kw name="Create Session" library="RequestsLibrary">
<doc>Create Session: create a HTTP session to a server</doc>
<arguments>
<arg>api-ninja</arg>
<arg>http://ninjachef-api-qaninja-io.umbler.net</arg>
</arguments>
<msg timestamp="20200730 10:21:01.993" level="INFO">Creating Session using : alias=api-ninja, url=http://ninjachef-api-qaninja-io.umbler.net, headers={},                     cookies={}, auth=None, timeout=None, proxies=None, verify=False,                     debug=0 </msg>
<status status="PASS" starttime="20200730 10:21:01.993" endtime="20200730 10:21:01.993"></status>
</kw>
<kw name="Post Request" library="RequestsLibrary">
<doc>Send a POST request on the session object found using the
given `alias`</doc>
<arguments>
<arg>api-ninja</arg>
<arg>/products</arg>
<arg>files=${files}</arg>
<arg>data=${payload}</arg>
<arg>headers=${headers}</arg>
</arguments>
<assign>
<var>${resp}</var>
</assign>
<msg timestamp="20200730 10:21:02.768" level="INFO">POST Request : url=http://ninjachef-api-qaninja-io.umbler.net/products 
 path_url=/products 
 headers={'User-Agent': 'python-requests/2.24.0', 'Accept-Encoding': 'gzip, deflate', 'Accept': '*/*', 'Connection': 'keep-alive', 'user_id': '5f1f9f7e42f1f60016038de8', 'Content-Length': '114832', 'Content-Type': 'multipart/form-data; boundary=42e24d0a771b98028ffeeb30e9f85e91'} 
 body=b'--42e24d0a771b98028ffeeb30e9f85e91\r\nContent-Disposition: form-data; name="name"\r\n\r\nCarne de Jaca Louca\r\n--42e24d0a771b98028ffeeb30e9f85e91\r\nContent-Disposition: form-data; name="plate"\r\n\r\nVegana\r\n--42e24d0a771b98028ffeeb30e9f85e91\r\nContent-Disposition: form-data; name="price"\r\n\r\n20.00\r\n--42e24d0a771b98028ffeeb30e9f85e91\r\nContent-Disposition: form-data; name="thumbnail"; filename="thumbnail"\r\n\r\n\xff\xd8\xff\xe0\x00\x10JFIF\x00\x01\x01\x00\x00\x01\x00\x01\x00\x00\xff\xdb\x00\x84\x00\x05\x03\x04\x10\x10\r\r\r\r\r\r\r\r\r\r\r\r\r\r\r\r\r\r\r\r\r\r\r\r\r\r\r\r\r\r\r\x10\r\r\r\x0e\r\r\r\r\x15\r\x0e\x11\x11\x13\x13\x13\r\r\x16\x18\x16\x12\x18\x10\x12\x13\x12\x01\x05\x05\x05\x08\x07\x08\x0f\t\t\x0f\x15\x15\x10\x15\x15\x15\x15\x15\x15\x15\x15\x15\x15\x15\x15\x15\x15\x15\x15\x15\x15\x15\x15\x15\x15\x15\x15\x15\x15\x15\x15\x15\x15\x15\x15\x15\x15\x15\x15\x15\x15\x15\x15\x15\x15\x15\x15\x15\x15\x15\x15\x15\x15\x15\xff\xc0\x00\x11\x08\x02\xd0\x05\x00\x03\x01"\x00\x02\x11\x01\x03\x11\x01\xff\xc4\x00\x1d\x00\x00\x01\x04\x03\x01\x01\x00\x00\x00\x00\x00\x00\x00\x00\x00\x00\x00\x03\x04\x05\x06\x01\x02\x07\x08\t\xff\xc4\x00c\x10\x00\x01\x03\x02\x03\x04\x05\x06\x06\x07\x14\x07\x08\x02\x01\x05\x01\x00\x02\x11\x03\x04\x05!1\x12AQa\x06\x13"q\x81\x07\x082\x91\xa1\xb1\x14BR\xc1\xd1\xf0\t#5bt\xb3\xe1\x15\x17\x1834SUrs\x82\x83\x92\x93\x94\xb2\xc3\xc4\xd2\xd3\xf1\x16$6T\x84\xb4\xd4%CDcu\xa2\xa3\xc2Ed\xe2\xa4\xe3&amp;e\xa5\xff\xc4\x00\x1b\x01\x01\x00\x03\x01\x01\x01\x01\x00\x00\x00\x00\x00\x00\x00\x00\x00\x00\x01\x02\x03\x04\x05\x06\x07\xff\xc4\x00&gt;\x11\x00\x02\x02\x01\x03\x03\x02\x03\x06\x04\x04\x06\x01\x05\x01\x00\x00\x01\x02\x03\x11\x04\x12!\x051A\x13Q"a\x81\x142q\x91\xa1\xb1\x06\x15#3BR\xe1\xf0$4b\xb2\xc1\xd1\x92\x16Sr\x82\xf1C\xff\xda\x00\x0c\x03\x01\x00\x02\x11\x03\x11\x00?\x00\xf1\x92\x10\x84\x00\x84!\x00!\x08@\x08B\x10\x02\x10\x84\x00\x84!\x00!\x08@\x08B\x10\x02\x10\x84\x00\x84!\x00!\x08@\x08B\x10\x02\x10\x84\x00\x84!\x00!\x08@\x08B\x10\x02\x10\x84\x00\x84!\x00!\x08@\x08B\x10\x02\x10\x84\x00\x84!\x00!\x08@\x08B\x10\x02\x10\x84\x00\x84!\x00!\x08@\x08B\x10\x13\xbd\x06\xe9Uk+\x9awV\xcf,\xa9L\xcf\'7{\x1c7\xb5\xc3"\x17\xd1\xaf"\x1eS\xa8\xe2v\xad\xadH\xec\xd5`\x02\xbd\x1f\x8dM\xf1\x9f{\\f\n\xf9\x92\x15\xd3\xc8\xe7\x94:\xd8m\xdb.h\xe6\xdc\x9bZ\x91\xf4j\xd3\x9c\xday\x8dA\xdcV\x17\xd2\xac_2\xd1\x96\x0f\xa8l+pUo\xa0\x1d,\xa3{kJ\xee\xdd\xdbT\xea\xb4\x18\xf8\xcctv\x98\xe1\xb9\xcd9B\xb14\xaf+\x18x6\x15\x05d-\x01[\x02\xa4\x1b!`,\xa0\x04!\n\x00!\x08R\x01\x08B\x80\x08B\x14\x90\x08B\xc8BL!f\x16\x02\x82\x01f\x11\x0b*B0\x16P\x84$\x10\x84 \x04!\x08\x01\x08B\x10\x08B\x10\x80B\x10\x80\x10\x84!`B\x10\x84\x02\x10\x84 \x10\x85\x98@a\x01e\x10\x80\x10\x80\x84\x00\x84!\x00!\x08@\x08B\x10\x90B\x10\x80\x10\x84!\x00\x84!\x00!\x08@\x08\x94$\xebU\x85\x0c\x91\x86=^\x18W\x9b\xfc\xa0\xf4\xae\xa3k\x11M\xe4F\xbd\xeb\xaf\xf9E\xc7\xc3\x18\xec\xd7\x9b1\xcb\xbd\xa79\xdcI^f\xb6\xcf\x08\xf6\xbae\t\xbd\xcd\r\xef\xfaW\\\x9c\xea\x1f\x05%\x82yE\xaa\xc1\x0e%\xca\xa9V\x99:\x04Z`nq\\P\xb1\xc7\x9c\x9e\xc5\xdaz\xe5\x1c`\xb5\xe2\xdd1}l\x89\xcb\x82l\xc6\x02\x16\xb8\x7fGH\x12\x9c\xba\xcc\x8d\x15m\xbe&gt;N:4\x93\x8c\xbe\x17\xc1\x19\x89\xe1\xe0\x89Ia\xf6\xe1\xaaq\xd6\x86\x14\x05\xed\xbb\xa7%\xc2\xe4\xa4}\x05VN1\xc3\x17\xb8\xbc\x8d\x13\x9c)\xc5\xc56\xb0\xc2\x1c\xedU\xdb\x01\xc2\x03s\x85\x84\xebX\xe0\xb4\xb5\t!l"\x8b\x87r\x99\xaby\xb2\x0c\xa4j\xdc\x06\x85S\xe9\x161\x9c\x05\x15\xc7\xdb\xb9\xe5\xdfz\xef!\x8fJ\xaf\xf6\x9c\x99\xd0\xa3\xb4\xd4\xca\xe9\xf3\xaa\x7f\x85\xbe\x12I\xc7\xf1;\xe9\xb6\x16C\xe1\xecA]\xe1\xc4;\x92\x90\xb4\xa3\x03\x8a\x9c\xac\xd6\x91\xb97\xb7-\x05vW~\x17\'\x93\xa8\xd2\xcas\xe3\xb1\x1d\x88Q11\xb9G[e\xb9\\\xeei\x076\x13K\xec46\x99\xd0d\xa6:\xa5\x9eJ\xcbF\xf6\xedEZ\xe6\xbeJ!\xf5D\xa5\xeeNe7m\x819\xae\xbe\xfc\x9cp\xa1\xc5\xe1\x93\xb8=\xca\xbb\xe0\r\x0ei\\\xf2\xd2\x9e\xca\x9f\xc0\xf1\x02\xdc\x97\x0c\xa3\x89d\xf7g,S\xdf\xb2%\xafi\xf6\xca\xad\xf4\x83\x08\xdbVB\xe9\xcc\xeaRu\x96j\xcc&lt;\xa3\xe4\xdfV\xba\x13xe2\xd3\x06\xd99\x85\'mH\x057SE\x0b\x89\x88\xcc+Jr\xb0\xf7\xbaWS\x95\xefl\x91)iU\xa1L\xda\xe2\x8d\x0b\x9a\\\xe2\xd0\x987\x1b;@JGE9&lt;\x9e\xf3i\xaeN\xcbW\x13\x0e\x1a\xa6\xf5i\xc8U\x1c\x16\xe0\x903WL;6\x85\x9c\xa1\x83\x9aI.\x11\x19qB\x13J\x8e1\xaa\x9e\xc4X"T\x05\xb0\x92\xb4\xae\xe6\x96\x11\xc7n\x8a\x12{\xb0ikD\xce\xaaKd\xc6a&gt;\xb3\xb5\x03U\xb5\xd5P2\x0b+/\x97sJt\xd0O\x08\xaab8!q%G_Xl\xb0\xe5\x9a\xb8\xfc&amp;\x0eai}d\x1e\x14W\xab\x92\xeeu\xca\x94rJ5\xc8~\x86\x15s\xcb-bE\xb4\xff\x00\xe7\x7fT\xba\xe5\xd6\x00\x04\x90\x17,\xf2\xe7m\xb3\xf0^}w\xb3\xaa_E\xd2\xb50\xb3S\x14\xbe\x7f\xb3&lt;&gt;\xb1D\xd6\x9eRo\x85\x8f\xdd\x1c\xc9\x08B\xfb\x03\xe3\x81\x08B\x00B\x10\x80\x10\x84 \x04!\x08\x01\x08B\x00B\x10\x80\x10\x84 \x04!\x08\x01\x08B\x00B\x10\x80\x10\x84 \x04!\x08\x01\x08B\x00B\x10\x80\x10\x84 \x04!\x08\x01\x08B\x00B\x10\x80\x10\x84 \x04!\x08\x01\x08B\x00B\x10\x80\x10\x84 \x04!\x08\x01\x08B\x00B\x10\x80\x10\x84 \x04!\x08\x01\x08B\x00B\x10\x80\xec\xdek~W\x0e\x1bu\xd5\xd5q6W\x0ekk\x0f\xd6\xdd\x98mV\xf0\x89\xedr_B\xac\xae\x9a\xf6\xb5\xecps\x1e\xd0\xe6\xb8\x19\x0ei\x12\x08\xe4B\xf9 \xbd{\xe6O\xe5~Cp\x9b\xa7\xe6\x07\xfa\x9b\xcf\xc9\x03:$\xf2\xd5\xbc\xa4.=U9[\x91xH\xf5\xdbJ\xdd\xa5"\xd7%\x01^y\xa8\xaa\xc8Z\x02\xb6\t\x80e\x08B`\x8c\x02\x10\x85$\x82\xca\xc2\x10\x02\xc8D"\x10\x02\xca\xd5d \x05\x94!@\x04!\n@!\x08B2\x08B\x10\x80B\x10\x80\x10\x84!9\x04!\x08\x01\x08B\x00B\x10\x84\x02\x10\n\x02\x00Y\x08(\x08I\x80\xb2\x84!\x00\x84!\x00!\x08@\x08B\x10\x02\x10\x84\x00\x84!\x00!\x12\xb0\x10\x19B\x10\x80\n\x02\x10\x80\x10P\x84\x02u\x9f\x02U#\xa6])m6\x990\xac=$\xbb\xd9a&lt;\x97\x98|\xa3\xe3\xc6\xa5g\t\xc9\xbe\xf5\xc5\xac\xbf\xd3\x8f\xcc\xf4t:_Z_!\xbfO\xbaPk;^\xcc\xaa\xd5\x06Jg{Q&lt;\xc3j\xe8\xbc]\xeeO,\xfaX\xd7\x1a\xe3\x88\x92\xd8U\x80R\xf4\xdc\xd6\xa64\xaa\xc0Q\xf5\xeb\x92W=\xcf\x06\x94\xc1\xc9\x96Q|\x13z\x97\x01ESyJRr\xe0\xb3s;\xea\x8a\x89#\xd7\xa6\x175\x86\xf4\xec\x0c\x94e\xec\x03\x99S]2l\x8b-\x8a%\xb0\xea\xe3\x82us\x89@U:\x98\xc8j\x8f\xfc\xd4/&lt;\x97thx&lt;\xdb.\x8a\xcbd\xf5\xf6-:(K\x9b\x99)aM!qB\x16\xf5W\x18\x1f3\xaf\xd6\xbb\xa7\x85\xd8M\xd5T\xb5\x0bC\xb3!CR\xa5\xc5NZ\\\x98\x8d\xcb;\xb0t\xe85^\x8cZl\xaec8\x83\x9aai\x85\xe2rS\x9e\x91\xe1\xe5\xe7$tw\xa3\x06s*\xc9A\xc3\xe6{\x94\xeb\xa1o\xdd|\x97\x0c\x06\xae\xd4-\xbaT\xee\xcc\x04\xeb\r\xc3\xc3\x13\xbb\xcaa\xc35\xc5\xe9\xfcGN\xfeNGV\x99\xda\xd0\xa9JD\xc6\x8a\xdf[\nl\xe8\x8f\xcc\xe6\xc2\xf4\x15\x9cpsY\x1c\xbc\x94\x9a\xd5R\x98E\xd4\xba9\xa9lC\t\x04\x9c\xd4e\xbd\x96\xc3\xd4\xedM\x1c:\xcb\xa5\x1a\xdaE\x9a\x9b\xd6\xcfrkM\xc9@W\x9e\xd1\xf1\xfc\x9b9\xaa+\x12\xa0\xa4\xcb\x94f;q\rZ\xd6\x9eOO\xa6_*\xedK\xc3)}$\xa2\x06\x9a\xaa\xf6\x1ee\xea[\x1a\xb9.\x90\x98Q\x86\xe6\xbd\xdas\xb3\x0c\xfb\xaa\xe0\xdb\xf9\x17\x9c+\x12\ror\x93\xa5\xd28\xd1szwd\x94\xfe\x83\x8a\xf3\xed\xd1\'\xdd\x9d\xc9\xc1\x17\x97c\xe5\xdb\xd3\xab{\xe8\x00\x8dU.\xd0\x95;n`.I\xd0\xa3\xd8O\rpK~l\x99\x89RvU\xe72\xaa\x06\xed\xa0\xa9\x9c6\xb6\xd6\x9a,\xee\xaf\x838\xc1\xe4\x9c\xbax[\x8b\xc0\x02\x8fs%4\xbcl\x05\x84b\x9b4\x8dM\xf0I\x8b\xc0B\xe3~pUg\xe0\xb1\xbb\xaf\xf6\xf5+\xa30\x18\\\xbf\xcb\x9b#\xe0\xdf\xc3\x7fT\xbd\x9e\x8b\x04\xb5p\xc7\xcf\xfe\xd6p\xf5\xea6\xe8,\x7f\xfe?\xf7D\xe6hB\x17\xde\x1f\x9a\x82\x10\x84\x00\x84!\x00!\x08@\x08B\x10\x02\x10\x84\x00\x84!\x00!f\x11\x08\x0c!\x0b0\x80\xc2\x16a\x10\x80\xc2\x16a\x10\x80\xc2\x16a\x10\x80\xc2\x16vQ\x08\x0c!f\x11\x08\x0c!f\x11\x08\x0c!f\x11\x08\x0c!f\x16\x10\x02\x16a\x00 0\x85\x9d\x94B\x03\x08Y\x84B\x03\x08Y\x84B\x03\x08Y\x84B\x03\x08Y!a\x00!f\x11\x08\x0c!f\x11\x08\x0c!f\x11\x08\x0c!f\x11\x08\x0c!f\x10\x02\x03\x08Y!a\x00!\x08@\x08B\x10\x02u\x85\xdf&gt;\x9dFU\xa6\xe2\xca\x94\xdc\x1e\xc7\x0c\x88sL\x82\x9a\xac\x84\x07\xd1\xef6\xdf*\xad\xc4\xec\xc3\x9d\r\xba\xa0\x1a\xcb\x86q1\x95F\x89\x9d\x97k\xc8\xca\xeb\r+\xe6\x17\x90\xff\x00(/\xc3o\xa9\\\xb2M2v+\xb3s\xe9\x1d|[\xe9\x0e\xeek\xe9WG1vW\xa3J\xe2\x8b\x83\xe9Vcj1\xc0\xc8-p\x04i\xbf8&lt;\xd7\x97\xa8\xabd\xb2\xbb\x1bBY%\xdaV\xe0\xa4XR\xa1`X\xdc!ad(\x06V\x10\x85 \xc8@B\xca\x10\x08B\x10\x93\x10\xb2\x84!\x19\x04!\x082\x08B\x10\x90B\x10\x80\x10\x84!\x00\x84!\x08\x04!\x08\x01\x08B\x12\x08B\xc8BB\x10P\x84 \xc2\xc8B\x10\x80B\x10\x80\x10\x84! \x82\x84!\x06%e\x08@\x01\x08(\x08\x00\x14 \xa0 \x04\x14!@0\xb3\x08B\x90\x08B\x10\x02\x10\xb0P\x19C\x96\x16%\t*\x1eP\'\xabtp^M\xc7\t\x15\x1f:\xed\x1fz\xf5\xe7L\xe9\xcb\x1d\xdc\xbc\x91\xd3\x91\xb3Z\xa7y^V\xbe\x19i\x9e\xefI\x9e2\x8a\xb5\xcd\xc6jg\x06t\xaa\xc5\xc8$\xe4%Y\xba9K\xb3\x9a\xe0\x9aQG\xb5\x9d\xdc\x13\x15\xea\xe5\x01-ilah\xc6o\xdc\x91\xab\x8e\x06\x98\\3\x8b\x93;!-\xab\x08w^\x91\t\xaf\xc2\xe3U\xa9\xe9%=\xe4$\x1f\x89Sv\x85&gt;\xce\xf0B\xbf\x9c2R\x8e$\xd8$\xaa\xa6%\x8a\x17\xbc\x80rJ\xe3TN\xceED\xe1\xd4#]WN\x96\x95\xf7\x99\xe3u\xado\xa5\x0cG\xb8\xef\xa9\x13\x99RXe\x10\xa1..\xc0)\xcd\xad\xec\t]n\xb7\x8e\x0f\x93z\xeb\'\xc3\'.\xebl\xa4hV\x93\x9a\x897\xbbKvT\x8c\xd6&gt;\x9bDC\x92b\xa55\xab+&amp;\x1f\x0e\xc9`U\xe3\x92\xc6P\xf7;\xf4\xfa\x1bmxC\xe7\xdc\xc2\x9f\xc0\xaad\x159\xf5x)\xae\x8d\xd63\x9a\xe7\xba8Y&gt;\xa3A\xd3\xa3O&gt;Kx\xba\x13\x05-\xb4\x08P\x97\x0c3+f\xd4r\xc6\xbb\x13;\xec\xab\xd8W\x13q\x1a\x15\x0bs|R\xd8\xb1q\x19*\xc5\xcdw\t\x90Wmx}\x8c=?rA\xf7nL\xddrfJ\x83\xaf\x8c\x10af\x96&amp;\n\xdd\xd7,\x15\xb2\x88\xc9a\x97[J\xa0\x80\x97\x0eU|7\x13\x00\xab\x1d\xafld\xb8\xe5\x0c&gt;O\x96\xd5t\xa9\xc6x\x8f(\xd6\xb5\xebF\xa4z\xd5[\x1f\xc7ZIh\xcc$\xfae\x82Tl\xbd\xa7%D\xadT\xef\xd5zZM,f\xb7&amp;zz.\x91\xb1\xa9K\xf2\x1f\xe27\xa3\xd6\xa2\xaa\xddJ\xc8\xa0IR\x96=\x1f.\xdc\xbdO\xe9\xd4\xb9g\xd2F\xbb%\xc2\x19\xd9TSvu\xf9\'v\xd8\x00\x1a\xa9*v\xed\x0b\x82\xfdL\x1fc\xb6\xbd\x14\xb1\xc9\x8c.\xdd\xce\xe5\xc1I\xd7\xb0 j\xb4\xb1\xba\r\xd0\'F\xf3h\xe6\xbc\xd9\xceRg\\t\xbbH\xcaX~y\xab\r\xa3\xb6[\x92m^\xdb)\t\x17V\xc9Ri\xcb\xb9\xb2\xae&gt;\t\x07]\x90\x99W\xbd%e\xa0\x90\xb6\xfc\xcfY\xaa\xd25\x84c\x17\xc9\xad\x1a\xcb\x9cywt\xfc\x17\xf8\x7f\xeaWH\xafj\xb9\x9f\x97\x01\xfa\x9b\xf8o\xea\x97\xa9\xd1\xd2\xfb\\&gt;\xbf\xf6\xb3\xc8\xfe&amp;K\xf9m\x8d\x7f\xd3\xff\x00|Nh\x84!}\xc9\xf9(!\x08@\x08B\x10\x02\x10\x84\x00\x84!\x00!\x08@\x08B\xd8\x04\x07l\xf3T\xf2uo}R\xe9\xd7\x94\x8dZ4\x19L4m\xd4\xa7\xf6\xda\x85\xc7ZOi0\xd6\x1c\xa7x]\x1f\xcb\x9f\x91;\x1a8e\xcd{;n\xaa\xbd\x00\xda\x81\xdd}\xc3\xfb\rx\x15F\xcdJ\xaeo\xe9e\xce\x98\xf8\xbb\x95\x8f\xcd7\x06\x16\xf8Ck8A\xb8}K\x87\x1f\xbcoa\x9a\xfd\xeb\'\xc4\xa9\xaf#\xd8\xc0\xc40\xb7\x97\x9d\xae\xb6\xa5\xe5\'\xcey&gt;\xadB?\xf6To\x84/\xc9\xfa\xaf[\xd6G\xa8Y\xa8\xae\xc9z5Y\x088\xe5\xed~\xfcv\xe5\xa7\xf9\x9fA\xa7\xd2\xd6\xe9Pin\x92o?\xb7\xeex&lt;\xae\xf7\xe6\xa3\xe4\xf6\xce\xfa\x9d\xe9\xbc\xa1\xd7\x1a/\xa0)\xfd\xb6\xb5=\x90\xf1T\xbb\xf4\xaa\x8c\x99,o\xa5:.\x1d\x8c\xd8\x9aUj\xd1w\xa5J\xa3\xe9\xbb\xbe\x9b\x8bO\xb4/M\xf9\x8b\xfe\x95\x88\xfe\xe9k\xfd\x1a\xeb\xed\xff\x00\x8a53\xab\xa5\xd9m2i\xe28i\xe1\xf3%\xe7\xf0&lt;\xcd\x04\x14\xaf\x8cd\xb2\xb9\xe1\xfe\x05\xbb\x13\xf2S\x80R\x7fWZ\x9d\nU \x1d\x8a\x97\xf7\x0ct;C\x0e\xb9\x06\x0f\x14\xc7\xa7&gt;n\x16U(\xb8\xd8\x87[\xd6\xd9.\xa7\xf6\xd7\xd5\xa4\xf3\xa8\x0e\xeb\x1c\xf3\xb2\xef\x94\xd7e;\xd7 \xf3\xc2\x1f\xf6\xc3\xb7\xff\x00\xabP\xf79z;\xcd\xc6\xd6\xad&lt;"\xd1\xb7\x1bMpk\xdc\x03\xf2-\xa4^\xe3H\x10`\x80)\x91\xae\xe8_\r\xad\x9e\xbbC\xa1\xa3_\rU\x92\x94\xf6\xbd\x92yO+&lt;/)|\xcfN\xa5U\xb6\xce\xa7ZIg\x94W\xba\x1f\xe4\'\x0cu\xa5\xab\xeb\xd9\xfd\xb9\xd6\xd4\x1fX\x9b\x8b\xa6\xfd\xb4\xd2c\xaa\x92\x05`\xd6\xf6\xcb\x8c\x00\x00\xe0\x13\x9f\xceg\x03\xfdf\x97\xf3\xeb\x8f\xfa\x95\xd1\xaen\x05[G&gt;\x98\x96\xd5\xb6/\xa6\x00\x99mJ$\xb0\x005\x90D\x05\xe0/\xce\xfe\xff\x00\xf6:\xfb\xf9\xa5\xc7\xf8jz\x12\xd6uWl\xec\xd6N\xbd\xb2\xc6\xdd\xde\xf9\xf7\x92\xed\xd8j\xddtmQ\xadK\xe7\x83\xd0W\xbeA\xad+\xe2\x81\xb6\xe3\xaa\xc3\xa8\xdbR}aN\xab\xea\xba\xa5w\xd4\xac\x056\xd4{\xde[-cK\xa0\xe4"\x04\xbaE\xe2\xf7\xa3x\r\xadJv\x95h\xd8\xb2\xab\x83vYXm\xd4;Y4\xb9\xf56\x9c\x0b\x8e\x9bD-|\xd3\xfa&lt;\xfb|.+R\xa9F\xad[\x8a\xb5\x1e\xca\xacu7\x88\xd9\xa6\xd9k\xc0p\x1b,\x04e\xbew\xaf,ys\xbf5qlA\xc4\xcc\\\xd4\xa6\'p\xa2z\xa0\x07!\xb0\xba\xf4\xb4\xeaz\xa6\xba\xcd$\xb5\x13\xf4\xe9\x8e7E\xe1\xca]\xb7&gt;^r\xf3\xe7\xb1\x9d\x92\x85\x15+\x14\x16d\xfb?\x08\xed~p\xdeC-\xe9\xda\xd5\xbd\xb0a\xa4\xea\x03n\xb5\x00\xe2\xean\xa7\xf1\xde\xcd\xb2KK\x07j\x01\xd9-\x0e\x80\x0eG\xa2\xbf\xc8&gt;\x10\x1b\xb4\xeb8\x00I&amp;\xea\xec\x01\x96d\x93\\\x01\xde\xa85\xbc\xe2\xec\x9fa\xf0j\xb4oMWZu\x15\x1c)\xd0,5\r\x1d\x87:M\xce\xd6\xc9~r[1\xbbr\xec\xbeV\xad\\\xfc.\xfa\x9d69\xef}\xa5f\xb1\x8cis\x9e\xe3L\xc3Z\xd06\x9cI\xd0\x01:/3W\xa9\xea\xf4F\x8d5\xf6N\x19\xb2QS\xcf.?\x02M\xf3\xce2\xf1\x9fsz\xe1\xa7\x9e\xf9\xc5\'\xc2x\xc7\x9eJw\xe73\x81\xfe\xb1K\xf9\xf5\xc7\xfdJe\xd1\x8f"\x98MG\xde\x7f\xaa\x87\xb2\x95\xd0\xa7L\xb6\xea\xe4\x86\xb3\xe0\x96\xb5\x0be\xb5\xf3\xed\xd4y\x92I\xce&amp;\x00\x03\xca\xa3\xc9\xfd\xff\x00\xecu\xf7\xf3K\x8f\xf0\xd7\xa9\xfc\xcd\xec\x9fO\x0e\xb9\xa7U\x8f\xa5Q\xb8\x85P\xe6Tk\x98\xf6\x9f\x83Z\x18s\\\x03\x81\x82\x0eaz\xbdkM\xab\xe9\xba9\xdd\rm\x93y\x8a\xc6{e\xaexo\xf0\xfa\x98i\xac\xae\xeb\x14]Iw%\x1f\xe4K\x04\x0e\xd96\xf4\xc3\xa66M\xed\xc8t\x9d\x06\xc9\xb9\x99\xe5\xcc%\xae&lt;\x84`\xed\x05\xce\xb4\rh\x89s\xae\xae\x9a\x04\xe4$\x9b\x803$\rW\x9e|\xa4\xff\x00\xb5\'\xff\x00Q\xb4\xf7\xd0^\x89\xf3\xab\xfb\x89{\xdfm\xff\x007Apk)\xea\x14[\xa5\xaf\xedv?[\x19y\x7f\x0e\\{s\xcf\x7f\x91\xadr\xaaq\xb1\xfaq\xf8~]\xf0P&lt;\xa8\xf9"\xc3\x80\xb1\xa7cI\x8d\xab^\xfe\x8d\x1a\x85\xb75\xaa\x93@\xb6\xa3\xaa\xe4\xea\xaf\x03\xb2\xc9\xda\x00\x19\x8c\xc4\xae\x80&lt;\x81a\x1f\xee_\xff\x00Sy\xfe:\xe0\xbefx\x17Y\x89&gt;\xb9\x1d\x9bZ\x0ep\xfd\xd2\xaf\xda\xd9\xff\x00\xb7\xac=\xe0/C\xd2\xe9l\xe3\xcf\xb0\x9e\xc8\xc3\x99P\x0e\x15\xba\xe2\xe7\ru4\x9c\xc3\xfb\xd2\xad\xd6\xed\xea\x1ak~\xcbF\xa2ru\xd6\xec\x94\xb2\xd3y}\x9f&gt;\x161\x924\xaa\xab#\xeaJ\tnxK\xc1\xe2\x0e\x9b`\xa6\xda\xea\xe2\xd9\xd34*\xbe\x9c\x9d\\\xd6\xb8\xec\xbb\xf7\xcd\x87x\xact3\xa3\xf5.\xaeh\xda\xd2\xfd2\xb3\xc3\x01:4j\xe7\x1eMh.=\xcb\xa8\xf9\xe2\xe0]V)\xd6\x81\r\xba\xa0\xca\x93\xc5\xec\x9ao\x1d\xf0\xd6\xbb\xf7\xc1D\xf9\xac\\\xb5\xb8\xcd\xae\xdc\r\xa1Y\x8d\x9f\x96\xeaO\r\x1e\xb5\xf7\xf5\xf5)Y\xd2\xfe\xd7\x0ee\xe9\xee\xff\x00\xf6Q\xed\xf9\x9eK\xa3\x17\xfao\xfc\xd8\xfdOB\xd9y(\xc1\xf0\xebqR\xed\x94^\x06\xcb_^\xf0\xedm&lt;\xcc\x06S\'a\xb3\x99\rkf5\x98E\xef\x92l#\x11\xb7\xebm\x19J\x9c\xed5\x97\x16\x84\xb45\xc3P\xea`\xec:\x0cHsf4"R\xfet\x1d\x03\xaf}gI\xb6\xa0:\xa5\n\xa6\xa1\xa4\\\x1aj4\xb0\xb4\x86\x93\xd9\xdb\x06 \x12$\x17g:\xf9\xeb\xc9\xe7\x94\xcb\xbc\x1d\xb5\xadM\xa8\x0e}N\xb1\xcc\xb8mF9\xa440\xec\x8c\xa4\x1d\x91\x9e\xf8_\x01\xd34\xfa\xce\xa1\xa4\xfbV\x9fU7\xa8\xdd\xcc\x1c\xf0\x92\xcf\xb7\xe1\xcf\xb7\x8c\x1e\xb5\xf2\xae\x9b6N\x0bg\xbe9;?\x92\x9f!\x16N\xb3g\xc3\xadz\xcb\xa6\xd5\xb9\xa7U\xe2\xbd\xcb\x03\xba\xab\x8a\xb4\xd8Ci\xd5kCM6\xb4\x88\x03(\x9c\xe5N\xbf\xc8\xbe\x06\t\x06\x85 A\x82&gt;\x1bq \x8dA\xff\x00Y\xd4\x15h\xf2%\xd2W^a\xf4n\xea5\xac}g\xd7.c\'dl\xdcUnRg\xe2\xce{\xca\xf1\xd7O\xfa\rz\xeb\xdb\xc7\xb6\xc2\xf5\xcdu\xd5\xc3\x9a\xe6\xda\xd7-s]Y\xe5\xaei\x14\xe0\xb4\x8c\xc1\x070\xb4\xe9\xdfn\xea:\xcdEv\xea\xe7^\xc9vR\xe39|/\x89p\xb1\xe0\x8b\xbd*k\x83\x8di\xe5{\x7f\xa1\xda\xbaw\xe42\xca\xb5\xc5\x95\x0c9\xad\xa2\xd7\x1a\xaf\xbb\xa8\xca\xd5+\x96\xd1\xa7\xb02\x15*\xbc\x07\xb9\xcf\rn\x9a\x93\x98i\n\xe3\x88t/\x02\xc3\xd9M\x974\xad\x18_;&amp;\xe8\xf5\xb5*G\xa4\xee\xd4\xc0\x04\x89 \x06\x89\x1ah\xab\x1ef\xbd\x15\xabA\x97\xb5.-\xebP{\xddI\x8d\x15\xa9&gt;\x91s\x1a\x1c\xee\xc8{D\x8d\xa7fF\xf08.a\xe7\x83~]\x8b\xb9\x93\x95\x1bz\x0c\x03p\xdai\xaa|OY&gt;\xae\x0bz\xeb\xd4\xeb:\x8f\xf2\xd7\xa9\x9b\xae\xb8\xb6\xe6\x9e%&amp;\xf0\xf9y}\xb7%\xe7\x85\xf3(\xe5\n\xa9\xf5\xb6,\xb7\xd9\xf6Ga\xf2\xa3\xe4\x1a\xce\xe2\xd9\xd5\xf0\xf66\x8dp\xc3R\x97T\xef\xb4W\x1b;A\x85\x92X\xdd\xb1\xa3\xd9\x19\xc4\xce\xe3\xc9\x87\x91\\2\xb6\x1fe^\xb5\xa6\xddZ\xb6\xd4\xaaT\x7f\xc2.[\xb4\xf70\x17\x18m`\xd1\'p\x00*\x8f\x92\x1f8+KL&gt;\xda\xd6\xe6\x95\xe3\xea\xd1k\x98\xe7R\xa7E\xcc-\xeb^X\x1a_p\xc7eL\xb4\x19h\xcc\x1e\xf5\xdf|\x9c\\\xb5\xf6\x16\xb5)\x82)\xbe\x83^\xc0\xe0\x03\x83\x1c\x0b\x9a\x1c\x01 \x10\xd2\x01\x00\x91;\xd7\x99\xd4\xaf\xea\xfd&gt;\x97M\x93\x9a\x8a\xb5(Ow2\x8e%\xe79\xc7\t\xac\xf67\xa6\x1a{g\xba)go+\x1ex9\xde\x15\xe4\xaf\xa3\xf5\x9d\xb1E\x96\xf5^D\x86\xd3\xbf\xae\xf7\x11\xc44\\\x92c\xb9Ac\x9en\x96\xcc\xbc\xb4\xa9H=\xf6o\xad\xd5\xdc\xdb&gt;\xa3\xe5\xadu7\xec=\x95Z[Sg\xac\r\x04L\xe63\x89^i\xf2\x7fgY\xf7\x96\xcd\xb6\x0f5\xba\xeaF\x99`$\xb4\x87\x8e\xd1\x81\x93[\xa9\' \x01\x95\xf4O\x11\xbakK6\xa3\xb7PSd\xefs\x81 \x0e&amp;\x01=\xc0\xee]}r\xdd\x7fE\xbe\x11\xafS;7\xa9f2yk\xe7\xdd\xe3\xbeS\xf0\xd1\x9e\x965jb\xf7AG\rr\x8eeu\xe4/\x06h\x97\xda5\x80\x98\x05\xd7wM\x04\xe6`\x13p3\xc8\xe5\xc8\xa6\xff\x00\x9c\xce\x07\xfa\xc5/\xe7\xd7\x1f\xf5)\x9f\x9e\x06\x0fZ\xbe\x1dA\x94(\xd5\xae\xf1{M\xc5\x94i\xbe\xab\xc3E\x0b\x90\\Z\xc6\x93\xb2\t\x02t\x928\xaf*\x7f\xa0\x17\xdf\xb1\xf7\xdf\xcd.?\xc3Z\xf4\x1d\x1e\xaf\xa8\xe9U\xf3\xd7Y\x16\xdbX\xdd\x9e\xcf\x1f\xe6]\xca\xea\xac\xae\x99\xedU\'\xfe\xff\x00\x03\xd7v\xfeD\xb0W\x1d\x96[\xd3q\xe0\xdb\xcb\x97\x1ey\x0b\x99[\xddy\r\xc1\x99\x1bv\xadd\xe9\xb7yt\xd9\x88\x98\x9b\x811#\xd6\x17\x9f\xfc\xcf\xbe\xec7\xf0z\xff\x00\xd1\x0b\xa1\xf9\xf3\xfe\x93\x87~\xe9s\xfd\n*\x9a\x8d&amp;\xbe\xae\xab^\x83\xed\x96\xe2q\xce\xec\xbe8\x93\xc63\xff\x00O\xb91\xb2\xa9P\xed\xf4\xe3\xc3\xc6?/?Q\x9fI&lt;\x93\xd8\xbb\x1a\xc3\xed-i7\xe0\xaf\xa3V\xb5\xd3YqZ\xa6\xd0\xa7?\x1c\xd5s\x99$\xb4v\\\xddWF\xc5\xbc\xdf\xb0\xb3J\xabi\xda\x9au\r7\x8ao\x17\x17N,yi\x0c~\xcb\xab\x16\x9d\x97C\xa1\xc0\x83\x19\x82\xb9\xaf\x98\xee\x05\xdb\xbd\xbc#\xd1k-\xa9\x9en=eNZ6\x9f\xac\xae\xc3\xd0.\x97u\xd8\xa6/k9[:\xdb\xab\xee\xea\xb6j\x8f\xde\xd6\x07\xf8\xc1a\xd6\xf5\x9a\xfa/\x95T\xdf6\xa8\xae.o/\xe2nK\xbf?\xf5%\xf8"\xfaj\xea\x94T\xa5\x15\xf17\x85\xed\xc7\xfa\x1e\r\xbb\xa0X\xe71\xc2\x1c\xc7\x16\xb8psI\x04x\x10\xae&gt;B\xf0:W8\xa5\xa5\xb5\xc3:\xca5]P=\x9bNf\xd0m\x1a\x8f\x1d\xa69\xae\x10\xe6\x83\x91\t\xdf\x9c^\x07\xf0|^\xf1\x80C^\xf1]\x9c\x0bk4&lt;\xc7s\xcb\x9b\xde\xd2\x96\xf3e\xfb\xb7c\xfbz\xbf\xf2\xf5\x97\xe8\xf7j\xfd^\x9d-Eo\x19\xa9\xc95\xe31\xca\xfc\x8f\x1a5\xed\xb9E\xff\x00\x9b\x1f\xa9\xe9\\g\xc8\xce\x07E\xa1\xf5\xed\xe9\xd1k\x8e\xc8u[\xcb\x96\x02\xe8\'d\x17\\\x00L\x02c\x80)\x86+\xe6\xfd\x85\xdcP\xda\xb3\x9aE\xc3\xedu\xa8\xdc&gt;\xbd2wH\xa9Q\xe1\xc2r \x10S\x1f=\xbf\xb9\xb6\xff\x00\x873\xfe^\xe1U|\xc6\xb1gu\x97\xd6\xc5\xdd\x8d\x8au\xda\xdd\xc1\xc1\xc6\x9b\xc8\xfd\xb0s\x01\xfd\xa8_\x9bi\xbf\x98\xcb\xa4\xbe\xa5\x1dU\x9b\xa2\xdeb\xdeSJX\xf3\xf9\x9e\xcc\xfd\x15\xa8\xf4\\\x16=\xfc\xf6\xc9\xc5k\xf4*\xa5&lt;M\xb8mQ\xf6\xdf\x85R\xa0ba\xc2\xa3\x9b\xb2\xf1\xbfe\xccp|\xf0+\xd7\xcd\xf2\x03\x84d&gt;\x059\x7f\xbc\xdd\x82y\xfe\x9f\x1e\xa4\xc3\x1c\xe8\x98\x7fI\xad\xaevr\xa7b\xea\xce&lt;^\xc7:\x8b\t\xdcO\xdb5\xfb\xd1\xc1Ob=+\x8cr\xde\xc6ru\x85g\x91\xf7\xee\xa8\xc77.;\x14\x8f\xb7\x8a\xd7\xacu\xddf\xb5U\xf6k\x1c\x1a\xa5\xd9=\xad\xaeW~\xdf\x87\x1f\x89\x1a}-u\xee\xde\x93\xf8\x94VO\x14\xf9O\xc0&gt;\x0b\x7fuj2m\x1a\xcfk\x04\x93\xf6\xb2v\xa9\xe6s=\x8773\x9a\xad\xae\xf3\xe7\xa7\x81\xecb\x14n\x00\xca\xe6\x86|\xdfD\x86\x1f\x1d\x973\xd8\xb89_\xa3t}g\xda\xf4U_\xfeh\xac\xfe=\x9f\xea\x99\xe2\xea+\xf4\xec\x94~f\x10\x84/H\xc4\x10\x84 \x04!\x08\x0c\xafYy\x8c\xf9M!\xce\xc2\xab\xbf\'v\xed\t:\x18\xed\xd3\xee#\xb4\x02\xf2b}\x80\xe2\xaf\xa1Z\x95z.\xd9\xabI\xe1\xecw\x074\xc8\xf0:\x15K+S\x8e\x19)\xe0\xfa\xcc\xc2\x96iT?"\xbd9n!aF\xe9\xb0\x1e\xe6\x86\xd6h\x8e\xcdf\x80\x1e&lt;Nc\x92\xbc\xb0\xaf!\xa6\x9e\x19\xd1\x91p\xb2\xb4i[\xa8 \xd9\x10\xb0\n\xd9\x01\x80\xb2\x84!\x00\x84!\x00!\x08@\x08B\x10\x02\x10\x84\x00\x84!\t\x04!\x08\x18!\x08B\x00\x04!\x08\x01\x08B\x04\x08Z\xbd\xe0j@\xef)\x8d\xee5I\x9e\x93\xc7p2}J\x92\x9cc\xdd\x96P\x93\xec\x89\x05\x90UF\xf3\xa6c\xe20\x91\xc5\xdb\xfb\x93\x9b&gt;\x98\xd2 mKOt\x85\xc8\xba\x96\x9d\xcbn\xf5\x93\xa1\xe8\xaeQ\xdd\xb4\xb2\x92\x89M(\xe2,"C\xdaGxH]ct\x9a$\xbcz\xc2\xeawA,\xeeX\xfcL}\x19\xe7\x18d\x92\x14]\x86;I\xfe\x8b\xc7q\xc9I\x87)\x85\x91\x9f\xddy+(8\xf7A+!ad+\x950\xb2V\x10\x84\x01Y\x84B\n\x00B\x16\n\x03(X\x94J\x03+\x04\xa2P\x80%\x12\xb0J%\x01\x94J\xd6Q(\x0c\xca\xc1+\x04\xac\x12\x80\xdaV%k+YP\n\xff\x00M*E7w/\'\xf4\xa6\x89\xa9Y\xfc6\x8f\xbdz\xaf\xa6\xe7\xedn\xee^j\xc4#\xac\x7f\xed\x8f\xbdy]BXh\xf6\xfaW\x19d\x05\xbe\x0e\x00\xcd\x15j\x06\xe8\x97\xc5/\xa3ER\xc5\xb1-\xcb\xcaq\x94\xde\x0f\xa1\x87\xb91q\x8d\x005U\\Z\xfbh\xe4\x98\xdc&lt;\x94\xee\xc2\x97\x15\xd9\nT9\x12\x96;\x15\xfb\xfd\xb2r\x94\xeb\x02\xb5\xa9\xb4$\x98VB\x185G\xc2\x86{+\xa5\xea\x1b\x8e\xd4\x91\xcc\xe3\xce[&amp;]|\x03C\\\x99\xdd\xaa\xbd\xcdg\x9a\x80\xee\n\xdb\x87\xb7l\x00\xb0U\xfai3\xc6\xd7\xd5+\xacK\x1c\x15\xeb\x9a2uOm\xad\xf9\xa5\xf1,0\xedd\x9c\xe1\x96\xc4j\xb5\x95\xe9\xae\x0cc\xd22\xfeFiZ\xac\xd5\x00fO\x82{\\\xe4\xab\x98\xad\x07\x19\xcd`\xa5\xb9\xf2zT\xf4\xda\xeb\xf08\xbb\xc6\x9a2\t\x8bo\\\xe4\xd2\xd6\xc3&lt;\xd4\xc5\xad \x15\xe7\xb5v=\x1a\xd6\xde\x07v\x0c0\xacXC`\xa86\xd7\x84\xfe\xc2\xf5yw\xc1\xc8\xf4j\x9e\x0b\xa5F\xc8H\x06\x94\xca\xc3\x12S\xf6\xf5\x1aB\xf2\xb0\xe0\xf0\xcd\xe6\xb2\xb24\xea\xc1\x19\xaa\xf6/g\x91VK\xda;\xc2\x85\xb8\xdf+\xbe\xadF\x0eOK,\xe6\x18\xe5\xafh\xa6\xd6B5\xd1Y:So\xbc\x05O5L\xc2\xf7h\x97\xa9\x02\xaa\x1b\x9e\tz\x8e\x11\x91S]\x1a\xc5\x880N\x8a\xbfk\x87\xb8\x89\x84\xbd\x9b`\xac\xae\x84e\x16\x8fF\x8d,Q\xd4\xe8\xd4mFA\x82\xb9\xf69\xd1\xd0\xda\x9c\x89Vn\x8a\xbc\xe4R}7p^e\x13\x9ds\xda\x99\xac+J\xcc`\xadQ\xb0cx\'N\xbc\x03&amp;\x84\xc1\x89\xe56\x08\xcdu\xcb\x9e\xe7z\xad/\x06\x8c\xaf\'4\xf6\xbd\x11\t\x95\x1bi9)\x1a6I\xc6\x0b6\x90\xd6\x8d\x14\xea\x85\x00V\xd7V\xe62\t\xad9\x0b2\xe9\xee\\\x12.\xae@\x8f\x04\x83\x86I\x07\xdc\xca\xdb\xe1\x82!C\xcb\n8\x14\xb6\xb9\x83\nE\xd7\x1cT(\xaa\x06p\x9c2\xe6T\xede\xa5\x8e\xe4\x8f[+\x97\xf9s?\xa9\xbf\x86\xfe\xa9t\xaak\x98\xf9n\xa9&amp;\xdcp\xeb\xbf\xaa^\x8fI\x8e5P\x7f\x8f\xfd\xac\xf9\xff\x00\xe2I\xe7\xa7\xd8\xbf\xfc\x7f\xef\x89\xcd\xd0\x84/\xb4?+\x04!\x08\x01\x08B\x00B\x10\x80\x10\x84 \x04!\x08\x0c\x84\xbd\x95\xb9{\xda\xc6\x89s\xdc\xd64qs\x88\x00z\xcan\xba/\x9b\x8e\x05\xf0\x8c^\xcd\x84K)\xbc\xd7\x7f\x00\xda-/\x13\xc8\xbc1\xbf\xbe\\\xfa\xbdB\xd3\xd1;e\xda1o\xf2Y/\\7\xc9Eyg\xb01\xfc\x1a\xa5\x1c\x19\xf6\xb6\x8cuJ\xd4\xecE\xb5\x16\xb4\xb48\xbf\xab\x14\xb6\xbbD\t\x04\x9a\x84\x9e\x05Q\xbc\xd3z5ygF\xee\x85\xe5\xbb\xe85\xd5i\xd6\xa4\\\xe6\x1d\xa2\xe6\x16T\x1d\x878\x88\x0c\xa7\xaa\xb6yp\xf2\x960\xca4j\x1a]{\xabT,\x0c\xdb\xd8\x80\xd6\x979\xd3\x06`\xec\x8f\x15O\xf2U\xe7\x04/\xafiY\xba\xd7\xa9\xeb\x85M\x97\xf5\xbb}\xa61\xd5\x00\x8d\x81\xa8a\x1a\xf0_\x8c\xe9\xa9\xea7t\xbb\x9ciN\xa9\xb79M\xbf\x89myxY\xf1\x87\xe3\xdc\xfa[%Lo\x8ar\xc4\x92\xc2^98W\x9d.\x01\xd4b\xf7\x04\x08m\xc6\xcd\xc8\xcb-\xaa\x9f\xa6w\x93U\xafq\xef]S\xcc[\xf4\xacG\xf7K_\xe8\xd7Z\xf9\xf0\xe0R\xcb+\xb0=\x17T\xb7~[\x9d\x15)\xc9\xdc\x01mA\x9e\xbbam\xe6/\xfaV#\xfb\xa5\xaf\xf4k\xaf\xaa\xd6k&gt;\xd5\xfc/\xea&gt;\xfbc\x17\xf8\xc6I\x7f\xe3?S\xcf\xae\xbd\x9a\xed\xbf6\xff\x004_\xbc\xa5\xf9a\xb1\xb1\xbb\xf85\xcd\n\xef\xaa\x19M\xfde:4\x1e\xd0\xd7\xe9\xda}f\xd4\xec\xc6\x81\xbd\xcaw\xa5\x96\x87\x13\xc3\x89\xb2\xbc\xa9E\xb74v\x98\xf6\x06\x8d\xb0FL\xa9\xb4\xde\xb1\x80\x90Z\xe0\xd74\x8c\xf5\xcc/2y\xe1\xfd\xd8w\xe0\xd4=\xce^\x84\xf3Z\xa985\xa6s\x06\xa8\xee\x8a\xae\x11\xe0\xbc\x1e\xa1\xd2\xaa\xd0\xf4\xdd/P\xa7&gt;\xa7\xc0\xde^\xe8\xf2\xb3\xd9\xe5.Q\xd7M\xf2\xb6\xf9\xd5.\xdc\xff\x00\xbc\x96\xae\x82\x9e\xab\x0c\xb3\xdbntp\xfb}\xa6\x8df\x9d\xb36\x9a?\x8aB\xe4\x83\xce\xa2\xd3\xfd\xd2\xef\xd7G\xfb\xeb\xb8W\xb5&amp;\xdc\xd3nE\xd4\x0b\x1a\x0e\xe2i\xec\x89:\xaf!\xfe\x86LK\xe5Y\xff\x00,\xff\x00\xf0W?\xf0\xfd=+V\xee\xb3\xa8I&amp;\xe7\x98\xe6N&lt;&lt;\xb7\xd8\xbe\xaew\xd7\xb5R\x9e\x12\xf6\xcfc\xd4\xfeM:b\xcb\xfbV]\xd2c\xe9\xb1\xee{C*F\xd04\xdcZgd\x91\x9cN\xab\xc2~V\x1aF\'\x88\xc8\x8f\xf5\xeb\xbdy\xd7\xa8G\xb35\xec\x0f7n\x8d\xd6\xb1\xb6}\x85\xd3\xa9\x1a\xad\xa8\xeb\x8ab\x93\xcb\x81\xa3Se\xa6e\xad2\xda\xacq9|v\xf3\x8e/\xe5\xa3\xc8\xb5\xed\\V\xb3\xed\xa8u\x94nj\n\x82\xb6\xd3C)\x97\x81\xd6u\x92v\x86\xcb\xa5\xd9\x03\x91\x11\'%\xec\xff\x00\x0b\xea4z\x1e\xa5\xa9\xadN*\xb6\xb3\x06\xdf\r\'\x95\x86\xfb\xf0\xff\x00Fsk\xa3e\xb4\xc1\xe1\xee\xf2P)y\x1a\xc4\x8d\x11p-I\xa4i\n\xe1\xdde&lt;\xe9\x96u\x81\xd1\xb7&gt;\x8ep\xbd\xc7\xd2\x8ce\xb6\xd6\xb5\xae^\xd2\xe6\xd0\xa2\xea\xaekci\xc1\x8d\xda NRG\x15[\xf2\xa5|\xcb&lt;\x1e\xe2L\nV\x82\xde\x9e\xed\xa7\x96\n4\xc0\xe6I\x1ah\'\x82\x98\xf2\x85\x83\xbe\xe2\xc2\xee\xda\x9e\xcfYZ\xda\xa5&amp;m\x12\x1b\xb4\xf6\x16\x8d\xa3\x04\x81&lt;\x8a\xf1z\xbfW\x97UtOP\x92\xad[(\xe5ef?\x06[\x7f\x83\xf0ui\xf4\xcbO\xbdA\xf3\xb5~|\x9c\x83\xf4TZ\x7f\xba]\xfa\xe8\xff\x00}]&lt;\xde\xfaH\xdb\xcaX\x85\xdd6\xb9\x8c\xaf\x89\xd4sZ\xf8\xda\x00Y\xd97=\x92F\xad\xdc\xbc\xff\x00\xfa\x191/\x95g\xfc\xb3\xff\x00\xc1]\xf7\xcd\xb3\xa1u\xac,\xab\xdb\\\x1af\xa7\xc3\x1fS\xedN.n\xcb\xed\xed\x80\xcc\xb5\xb9\xf6N\xe5\xdb\xd7\xb4\xdd\x1a\x8d\x0c\xfe\xc34\xe6\xdcSJM\xf1\xb9&gt;\xcc\xc7K-L\xad^\xaa\xe3\x9f\x1f#\xce\xdeR\x7f\xda\x93\xff\x00\xa8\xda{\xe8/D\xf9\xd5}\xc4\xbd\xef\xb6\xff\x00\x9b\xa0\xbc\xed\xe5\'\xfd\xa9?\xfa\x8d\xa7\xbe\x82\xf4O\x9d_\xdcK\xde\xfbo\xf9\xba\x0b\xd4\xea\xff\x00\xf3]/\xff\x00\xd3\xf7\x81\x8e\x9f\xee_\xf5\xff\x00\xc9X\xf3+\xc0\xf60\xfa\xd7\x04gsp\xe0\xd3\xff\x00\x97E\xa1\x83\xff\x00\x90\xd4\xf5\x05\x0fi\xd1|G\xfd%8\x81\xb4\xaa-\x8dwS\xeb6\xa9~\x91\xd5\x9a;Q\xb7\xb5\x04v\xb3\x13\x07E\xd7:\x1dj\xdb\x0c&amp;\x93\\ Z\xd9\xf5\x95\x06\x92\xe0\xce\xb1\xf2x\x97\x92\t\xe6\xb8\xa7\xe8\xad\xff\x00\xfd~\x7f\xbb\xff\x00\xfd\xb5\xe6il\xd7k\xb5\x9a\xbb\xf4\xb5Fq\x9ek{\x9e1\x1e\xcb\x1c\xaf\t\x1b\xcdUUu\xc2\xc94\xd7\xc5\xf5\'\xfc\xf5\xf0-\xbb+{\x90$\xdb\xd7\xd8q\xde)\xd6i\xf6m\xb1\x83\xbc\x85\xe4\xbb[\x871\xcd{\x1cZ\xe689\xaei\x875\xc0\xc8 \x8c\xc1\x04L\xaf~yI\xc3\xc5\xf6\x11p\xd6\x89\x15\xedEjcXph\xadO\xbc\x874x\x85\xe6\x0f4K\x8a_\x9a\xbb\x15\x9a\xc7\n\xd6\xb5i\xd3\x15\x1a\xd7\x0e\xb0:\x95@\x00p#kf\x9b\x80\xdf\xaa\xf7?\x84\xba\x9b\xa7\xa4\xda\xa7\x1c\xba\\\xb3\x1f\x97|~y9:\x85\x1b\xb5\x11\xc3\xc6\xecs\xfe\xfe\x85\xeb\xc9\xc7\x9c\xf0\rm&lt;J\x93\x9c\xe1\x00\xdc\xd0\r;_}R\x91"\x0cji\x9e\xe6\xee]\xb0\xb2\xc3\x15\xb5\x98\xa5yA\xd2\xd9\xcfn\x9b\xa319T\xa4\xf12=\x13\x9a\xe6&gt;t\xfeK\xeb\\\xb6\xda\xad\x8d\x068\xd1\xeb\x19R\x950\xcan-\xa9\xb2C\xc0\xec\x87l\xec\xc6\xb3\xda\nC\xcd?\xa0\x976Tn]v\xc3H\xd7{6(\x92\x0b\x80` \xbd\xdb$\x80]0\x04\xee\xdc\xbew\xa9U\xd3l\xd1.\xa3\xa3\x97\xa5n~\xe2\x979\xce;w\\s\xc6\x11\xd9D\xafVz6-\xd1\xc7|\x1d+\xc9\xa7E\x1beh\xcbF8\xbd\x94\xdfX\xb1\xc7\xd2\xd8\xa9Z\xa5V\x87qsZ\xfd\x92w\x919.]\x8e\xf9\xccZ\xd1\xadZ\x83\xadn\x8b\xa8\xd5\xa9I\xc5\xa6\x96\xc94\xdeXH\x97\xcc\x12\xd9\x12\xbb\x85\xb5\xc3]\x9bHp\x0esL\x19\x871\xc5\xae\x1d\xedp-&lt;\xd7\x92\xfa]\xe6\xe9\x88U\xba\xb9\xac\xc7Z\x06V\xb8\xadU\xa1\xd5\x9e\x1d\xb3R\xa3\x9e\xd9\x02\x91\x83\x04H\x95\xc5\xd0!\xa0\xd6_t\xfa\xa4\xb1\'\x87\xcc\x9cs&amp;\xde\xee\xc6\xba\xb7mp\x8a\xa1q\xf8x\xf0z\x03\xc9\x17\x94\xaaX\x95:\xb5(\xd3\xa9HQ{X\xe1WfN\xd3v\xa4l\x12#vk\xca\xbevL?\x9bw\\\xd9lG1\xf0jB}`\x8f\x05\xdc\xfc\xdcz\x0bs\x86&gt;\xb5\x1b\xc7\xd0\xd9\xbb\xd94:\xaa\x85\xd3R\x90q{a\xcdnf\x99\xda\x1191\xca\xab\xe7M\xe4\xb6\xee\xe6\xfa\x9d\xd5\x9d\x07WmJ,\xa7P0\xb49\x95)\x97\x00N\xd3\x87e\xcc-\xcchZe{\x9d\x0e\xcd\x16\x83\xad\xcdU8\xaae\x0f\x86N\\\x7f\x85\xf7\x7f4\xce]R\xb2\xdd*\xdc\xbe$\xf9_\x99\xc6\xba+\xe4\x92\xfe\xea\x83.-\xed\x8dJ56\xb6\x1f\xb7LN\xc3\xdc\xc7d\xe7\x03\x93\x9aG\x82\xf6\xa7\x92KgS\xc3,i\xbcl\xbe\x9d\xad&amp;=\xb9\x18s\x1b\xb2\xe1\x91\x8c\x88#T\xdb\xc9\xbe\x120\xfc*\x85*\xe5\xad\xf8-\x07\xd4\xaeA\x1b!\xc4\xba\xadX9L9\xce\x13\xbd&lt;\xf2[xja\xb6u]\xad[ju\x0f{\xdb\xb4}\xa5y\x9f\xc4=n\xce\xa9\x07\x16\x97\xa7\x1b\x94c%\x9eSR\xf9\xfb%\xdb\xdc\xdfG\xa6\x8d-\x7f\x99\xc7/\xf4(=\x08\xf2\xfb\x86\xd7\xb8\xa7B\x9d*\xf6\xef\xacC\x18\xfa\x94h\xb1\x8es\x88\rau*\xaf#h\x98\x12#L\xc6J\xc7\xd3n\x8aVv#\x87^\x0b\x9a\x8e\xa3B\xe0\x87[801\x9de\x1a\x8c\x15Y\xb0\xd0\\\xe0\xe2\x1av\xcb\x8c8\xc1\x11\x07\xc3]\x17|\\[\x99\x88\xafH\xcf\x08\xa8\xdc\xfc\x17\xd2;\xc6f9&lt;\x15\xd3\xfcK\xa0\xab\xa2j+\xb3M\x9cN3\x8c\xb7|\\p\x9e\x1b\xe5p\xfd\xcah\xad\x96\xa6\x12S\xf0\xd3X\xe3\xe6T\xbc\xady@\xa7\x86\xdb\xb2\xe2\xb5:\x95Z\xfa\xcd\xa2\x1bKgh9\xcc\xa8\xf0{D\x08\x8adw\x90\xb9u_:{B\x08\xf8%\xde`\x8dh\xff\x00}]|\xe3\xba\t_\x10\xb2\xa5oli\x87\xb2\xe9\x95\x8fZ\xe2\xc6\xec6\x95v\x18!\xae\xcfj\xa3r\x8e+\x80\x0f6LK\xe5Y\xff\x00,\xff\x00\xf0U?\x87t}\x12zX\xcfY4\xac\xcb\xcef\xd7g\xc7\x03Yn\xa9M\xaa\xd3\xdb\x8fa\xb7\x99\xe7\xdd\x86~\r_\xfa!tO&gt;o\xd2\xb0\xff\x00\xdd.\x7f\xa1ER|\xd7p\xa7P\xc7\x9dB\xa6\xce\xdd\x1aW4\xdf\xb2e\xbbM\x00\x180$x.\x83\xe7\x99`j\xfed\xd1o\xa5V\xe6\xad&amp;\xf7\xd4\xf8;\x07\xb4\xaf\xa0\xd7\xd9\x1f\xfe\xa4\xd3\xcf&lt;zm\xe7\xe5\xb6g-I\xfd\x8ak\xe7\xff\x00\x94]|\xd7pN\xa3\x07\xb6$v\xeb\xed\xdc:7\x8a\x8e=_\xae\x93X|J\xa1\xf9\x0b\xe8\xae#G\x19\xb9\xbb\xb9\xb4\xa9J\x8d\xd0\xaf\xb6\xf7:\x91\x8d\xba\x82\xa5=\xa0\xd7\x93\xf1@\xd1v.\x99c,\xc3\xb0\xe7\xd6\xd9\x0fm\xa5\x161\x8c\x9d\x90\xe26X\xd6\x83\x06\'\xbbr\xe2\xf8g\x9d }Zt\xddc\xb2\xd7\xd4c\x1c\xee\xbavZ\xe7\x00\xe7F\xc6p\x0c\xc7%\xf3z/\xe6\x1a\xd5\xab\xbbOR\x9cmrM\xb7\x87\x15\xcb\xe3\x95\xe1\xaf\xc9\x1d\x96\xfaUzq\x9c\xb0\xe3\x86\xbf\xd4\x8d\xf3\xe1\xc0\xa2\xa5\x9d\xd8\x1e\x9b_n\xf3\xcd\x84T\xa6\t\xees\xf2\xe4W3\xf3e\xfb\xb7c\xfbz\xbf\xf2\xf5\x97\xa7\xbc\xe9\xb0!_\x08\xae@\x97[\x96\\4\xf0\x0c\xc9\xe4\x7f\x06\xf7x/1y\xb2\xfd\xdb\xb0\xfd\xbd_\xf9z\xcb\xea\x7f\x87u\x8e\xfe\x83d_xF\xc8\xbf\xa2m~\x8c\xe1\xd6W\xb7V\x9f\x86\xd3;\xbf\x9e\xdf\xdc\xdb\x7f\xc3\x99\xf8\x8b\x85D\xf3\x1da\xf8e\xe1\xdd\xf0V\x89\xe6k2=p}K\xaf\xf9\xcd\xf4*\xe2\xfa\xca\x8d'... (set the log level to DEBUG or TRACE to see the full content) 
 </msg>
<msg timestamp="20200730 10:21:02.769" level="INFO">POST Response : url=http://ninjachef-api-qaninja-io.umbler.net/products 
 status=200, reason=OK 
 body={"_id":"5f22c6f6fbba920016c6b85a","user":"5f1f9f7e42f1f60016038de8","thumbnail":"thumbnail-1596114678002","name":"Carne de Jaca Louca","plate":"Vegana","price":20,"__v":0,"thumbnail_url":"http://ninjachef-api-qaninja-io.umbler.net/files/thumbnail-1596114678002","id":"5f22c6f6fbba920016c6b85a"} 
 </msg>
<msg timestamp="20200730 10:21:02.769" level="INFO">${resp} = &lt;Response [200]&gt;</msg>
<status status="PASS" starttime="20200730 10:21:01.993" endtime="20200730 10:21:02.769"></status>
</kw>
<kw name="Status Should Be" library="RequestsLibrary">
<doc>Fails if response status code is different than the expected.</doc>
<arguments>
<arg>200</arg>
<arg>${resp}</arg>
</arguments>
<status status="PASS" starttime="20200730 10:21:02.769" endtime="20200730 10:21:02.769"></status>
</kw>
<kw name="Convert To String" library="BuiltIn">
<doc>Converts the given item to a Unicode string.</doc>
<arguments>
<arg>${resp.json()['_id']}</arg>
</arguments>
<assign>
<var>${produto_id}</var>
</assign>
<msg timestamp="20200730 10:21:02.770" level="INFO">${produto_id} = 5f22c6f6fbba920016c6b85a</msg>
<status status="PASS" starttime="20200730 10:21:02.769" endtime="20200730 10:21:02.770"></status>
</kw>
<kw name="Set Test Variable" library="BuiltIn">
<doc>Makes a variable available everywhere within the scope of the current test.</doc>
<arguments>
<arg>${produto_id}</arg>
</arguments>
<msg timestamp="20200730 10:21:02.770" level="INFO">${produto_id} = 5f22c6f6fbba920016c6b85a</msg>
<status status="PASS" starttime="20200730 10:21:02.770" endtime="20200730 10:21:02.770"></status>
</kw>
<kw name="Go To" library="SeleniumLibrary">
<doc>Navigates the current browser window to the provided ``url``.</doc>
<arguments>
<arg>${base_url}</arg>
</arguments>
<msg timestamp="20200730 10:21:02.770" level="INFO">Opening url 'http://ninjachef-qaninja-io.umbler.net/'</msg>
<status status="PASS" starttime="20200730 10:21:02.770" endtime="20200730 10:21:04.501"></status>
</kw>
<kw name="Input Text" library="SeleniumLibrary">
<doc>Types the given ``text`` into the text field identified by ``locator``.</doc>
<arguments>
<arg>${CAMPO_EMAIL}</arg>
<arg>${email_cozinheiro}</arg>
</arguments>
<msg timestamp="20200730 10:21:04.501" level="INFO">Typing text 'eduardoguedes@gmail.com' into text field 'id:email'.</msg>
<status status="PASS" starttime="20200730 10:21:04.501" endtime="20200730 10:21:04.645"></status>
</kw>
<kw name="Click Element" library="SeleniumLibrary">
<doc>Click the element identified by ``locator``.</doc>
<arguments>
<arg>${BOTAO_ENTRAR}</arg>
</arguments>
<msg timestamp="20200730 10:21:04.645" level="INFO">Clicking element 'css:button[type=submit]'.</msg>
<status status="PASS" starttime="20200730 10:21:04.645" endtime="20200730 10:21:04.691"></status>
</kw>
<kw name="Wait Until Page Contains Element" library="SeleniumLibrary">
<doc>Waits until the element ``locator`` appears on the current page.</doc>
<arguments>
<arg>${DIV_DASH}</arg>
</arguments>
<status status="PASS" starttime="20200730 10:21:04.691" endtime="20200730 10:21:05.131"></status>
</kw>
<status status="PASS" starttime="20200730 10:21:01.945" endtime="20200730 10:21:05.131"></status>
</kw>
<kw name="Quando o cliente solicita o preparo desse prato">
<kw name="Create Dictionary" library="BuiltIn">
<doc>Creates and returns a dictionary based on the given ``items``.</doc>
<arguments>
<arg>Content-Type=application/json</arg>
<arg>user_id=${token_cliente}</arg>
</arguments>
<assign>
<var>&amp;{headers}</var>
</assign>
<msg timestamp="20200730 10:21:05.132" level="INFO">&amp;{headers} = { Content-Type=application/json | user_id=5f223a45fbba920016c6b854 }</msg>
<status status="PASS" starttime="20200730 10:21:05.132" endtime="20200730 10:21:05.132"></status>
</kw>
<kw name="Create Dictionary" library="BuiltIn">
<doc>Creates and returns a dictionary based on the given ``items``.</doc>
<arguments>
<arg>payment=Dinheiro</arg>
</arguments>
<assign>
<var>&amp;{payload}</var>
</assign>
<msg timestamp="20200730 10:21:05.133" level="INFO">&amp;{payload} = { payment=Dinheiro }</msg>
<status status="PASS" starttime="20200730 10:21:05.132" endtime="20200730 10:21:05.133"></status>
</kw>
<kw name="Create Session" library="RequestsLibrary">
<doc>Create Session: create a HTTP session to a server</doc>
<arguments>
<arg>api-ninja</arg>
<arg>http://ninjachef-api-qaninja-io.umbler.net</arg>
</arguments>
<msg timestamp="20200730 10:21:05.133" level="INFO">Creating Session using : alias=api-ninja, url=http://ninjachef-api-qaninja-io.umbler.net, headers={},                     cookies={}, auth=None, timeout=None, proxies=None, verify=False,                     debug=0 </msg>
<status status="PASS" starttime="20200730 10:21:05.133" endtime="20200730 10:21:05.133"></status>
</kw>
<kw name="Post Request" library="RequestsLibrary">
<doc>Send a POST request on the session object found using the
given `alias`</doc>
<arguments>
<arg>api-ninja</arg>
<arg>/products/${produto_id}/orders</arg>
<arg>data=${payload}</arg>
<arg>headers=${headers}</arg>
</arguments>
<assign>
<var>${resp}</var>
</assign>
<msg timestamp="20200730 10:21:05.877" level="INFO">POST Request : url=http://ninjachef-api-qaninja-io.umbler.net/products/5f22c6f6fbba920016c6b85a/orders 
 path_url=/products/5f22c6f6fbba920016c6b85a/orders 
 headers={'User-Agent': 'python-requests/2.24.0', 'Accept-Encoding': 'gzip, deflate', 'Accept': '*/*', 'Connection': 'keep-alive', 'Content-Type': 'application/json', 'user_id': '5f223a45fbba920016c6b854', 'Content-Length': '23'} 
 body={"payment": "Dinheiro"} 
 </msg>
<msg timestamp="20200730 10:21:05.878" level="INFO">POST Response : url=http://ninjachef-api-qaninja-io.umbler.net/products/5f22c6f6fbba920016c6b85a/orders 
 status=200, reason=OK 
 body={"_id":"5f22c6f9fbba920016c6b85b","user":{"_id":"5f223a45fbba920016c6b854","email":"fernando@bol.com","__v":0},"product":{"_id":"5f22c6f6fbba920016c6b85a","user":"5f1f9f7e42f1f60016038de8","thumbnail":"thumbnail-1596114678002","name":"Carne de Jaca Louca","plate":"Vegana","price":20,"__v":0,"thumbnail_url":"http://ninjachef-api-qaninja-io.umbler.net/files/thumbnail-1596114678002","id":"5f22c6f6fbba920016c6b85a"},"payment":"Dinheiro","__v":0} 
 </msg>
<msg timestamp="20200730 10:21:05.878" level="INFO">${resp} = &lt;Response [200]&gt;</msg>
<status status="PASS" starttime="20200730 10:21:05.133" endtime="20200730 10:21:05.878"></status>
</kw>
<kw name="Status Should Be" library="RequestsLibrary">
<doc>Fails if response status code is different than the expected.</doc>
<arguments>
<arg>200</arg>
<arg>${resp}</arg>
</arguments>
<status status="PASS" starttime="20200730 10:21:05.878" endtime="20200730 10:21:05.878"></status>
</kw>
<status status="PASS" starttime="20200730 10:21:05.131" endtime="20200730 10:21:05.879"></status>
</kw>
<kw name="Então devo receber uma notificação de pedido desse produto">
<msg timestamp="20200730 10:21:05.886" level="FAIL">No keyword with name 'Então devo receber uma notificação de pedido desse produto' found.</msg>
<status status="FAIL" starttime="20200730 10:21:05.886" endtime="20200730 10:21:05.887"></status>
</kw>
<kw name="Close Session" library="base" type="teardown">
<kw name="Capture Page Screenshot" library="SeleniumLibrary">
<doc>Takes a screenshot of the current page and embeds it into a log file.</doc>
<msg timestamp="20200730 10:21:06.408" level="INFO" html="yes">&lt;/td&gt;&lt;/tr&gt;&lt;tr&gt;&lt;td colspan="3"&gt;&lt;a href="selenium-screenshot-10.png"&gt;&lt;img src="selenium-screenshot-10.png" width="800px"&gt;&lt;/a&gt;</msg>
<status status="PASS" starttime="20200730 10:21:05.888" endtime="20200730 10:21:06.408"></status>
</kw>
<kw name="Close Browser" library="SeleniumLibrary">
<doc>Closes the current browser.</doc>
<status status="PASS" starttime="20200730 10:21:06.408" endtime="20200730 10:21:08.545"></status>
</kw>
<status status="PASS" starttime="20200730 10:21:05.887" endtime="20200730 10:21:08.545"></status>
</kw>
<status status="FAIL" starttime="20200730 10:20:55.311" endtime="20200730 10:21:08.546" critical="yes">No keyword with name 'Então devo receber uma notificação de pedido desse produto' found.</status>
</test>
<doc>Suite de testes de recebimento de pedidos
Sendo um cozinheiro que possui produtos no dashboard
Quero receber solicitação de preparo dos meus produtos
Para que eu possa envia-los aos meus clientes</doc>
<status status="FAIL" starttime="20200730 10:20:54.996" endtime="20200730 10:21:08.547"></status>
</suite>
<statistics>
<total>
<stat pass="0" fail="1">Critical Tests</stat>
<stat pass="0" fail="1">All Tests</stat>
</total>
<tag>
</tag>
<suite>
<stat pass="0" fail="1" id="s1" name="Receber-Pedidos">Receber-Pedidos</stat>
</suite>
</statistics>
<errors>
</errors>
</robot>
