<?xml version="1.0" encoding="UTF-8"?>
<robot generator="Robot 3.2.1 (Python 3.8.5 on win32)" generated="20200726 22:57:24.798" rpa="false">
<suite id="s1" name="Login" source="C:\roboweek\ninjachef\mobile\tests\login.robot">
<test id="s1-t1" name="Acessar o cardapio">
<kw name="Open Session" library="base" type="setup">
<kw name="Open Application" library="AppiumLibrary">
<doc>Opens a new application to given Appium server.
Capabilities of appium server, Android and iOS,
Please check https://github.com/appium/appium/blob/master/docs/en/writing-running-appium/server-args.md
| *Option*            | *Man.* | *Description*     |
| remote_url          | Yes    | Appium server url |
| alias               | no     | alias             |</doc>
<arguments>
<arg>http://localhost:4723/wd/hub</arg>
<arg>automationName=UiAutomator2</arg>
<arg>platformName=Android</arg>
<arg>deviceName=Emulator</arg>
<arg>app=${EXECDIR}/app/ninjachef.apk</arg>
<arg>udid=emulator-5554</arg>
<arg>adbExecTimeout=60000</arg>
</arguments>
<status status="PASS" starttime="20200726 22:57:25.846" endtime="20200726 22:57:48.929"></status>
</kw>
<status status="PASS" starttime="20200726 22:57:25.845" endtime="20200726 22:57:48.929"></status>
</kw>
<kw name="Dado que eu desejo comer &quot;Massas&quot;">
<kw name="Set Test Variable" library="BuiltIn">
<doc>Makes a variable available everywhere within the scope of the current test.</doc>
<arguments>
<arg>${prato}</arg>
</arguments>
<msg timestamp="20200726 22:57:48.933" level="INFO">${prato} = Massas</msg>
<status status="PASS" starttime="20200726 22:57:48.933" endtime="20200726 22:57:48.933"></status>
</kw>
<status status="PASS" starttime="20200726 22:57:48.931" endtime="20200726 22:57:48.934"></status>
</kw>
<kw name="Quando submeto meu email &quot;papito@qaninja.com.br&quot;">
<kw name="Wait Until Page Contains" library="AppiumLibrary">
<doc>Waits until `text` appears on current page.</doc>
<arguments>
<arg>Buscar Prato</arg>
<arg>10</arg>
</arguments>
<status status="PASS" starttime="20200726 22:57:48.936" endtime="20200726 22:57:53.171"></status>
</kw>
<kw name="Input Text" library="AppiumLibrary">
<doc>Types the given `text` into text field identified by `locator`.</doc>
<arguments>
<arg>accessibility_id=emailInput</arg>
<arg>${email}</arg>
</arguments>
<msg timestamp="20200726 22:57:53.174" level="INFO">Typing text 'papito@qaninja.com.br' into text field 'accessibility_id=emailInput'</msg>
<status status="PASS" starttime="20200726 22:57:53.172" endtime="20200726 22:57:53.365"></status>
</kw>
<kw name="Input Text" library="AppiumLibrary">
<doc>Types the given `text` into text field identified by `locator`.</doc>
<arguments>
<arg>accessibility_id=plateInput</arg>
<arg>${prato}</arg>
</arguments>
<msg timestamp="20200726 22:57:53.371" level="INFO">Typing text 'Massas' into text field 'accessibility_id=plateInput'</msg>
<status status="PASS" starttime="20200726 22:57:53.365" endtime="20200726 22:57:53.926"></status>
</kw>
<kw name="Click Text" library="AppiumLibrary">
<doc>Click text identified by ``text``.</doc>
<arguments>
<arg>Buscar Prato</arg>
</arguments>
<status status="PASS" starttime="20200726 22:57:53.927" endtime="20200726 22:57:54.828"></status>
</kw>
<status status="PASS" starttime="20200726 22:57:48.934" endtime="20200726 22:57:54.829"></status>
</kw>
<kw name="Então devo ver a lista de pratos por tipo">
<kw name="Wait Until Page Contains" library="AppiumLibrary">
<doc>Waits until `text` appears on current page.</doc>
<arguments>
<arg>Fome de ${prato}</arg>
</arguments>
<status status="PASS" starttime="20200726 22:57:54.831" endtime="20200726 22:57:56.806"></status>
</kw>
<status status="PASS" starttime="20200726 22:57:54.831" endtime="20200726 22:57:56.807"></status>
</kw>
<kw name="Close Session" library="base" type="teardown">
<kw name="Capture Page Screenshot" library="AppiumLibrary">
<doc>Takes a screenshot of the current page and embeds it into the log.</doc>
<msg timestamp="20200726 22:57:57.337" level="INFO" html="yes">&lt;/td&gt;&lt;/tr&gt;&lt;tr&gt;&lt;td colspan="3"&gt;&lt;a href="appium-screenshot-1.png"&gt;&lt;img src="appium-screenshot-1.png" width="800px"&gt;&lt;/a&gt;</msg>
<status status="PASS" starttime="20200726 22:57:56.810" endtime="20200726 22:57:57.337"></status>
</kw>
<kw name="Close Application" library="AppiumLibrary">
<doc>Closes the current application and also close webdriver session.</doc>
<status status="PASS" starttime="20200726 22:57:57.337" endtime="20200726 22:57:58.555"></status>
</kw>
<status status="PASS" starttime="20200726 22:57:56.808" endtime="20200726 22:57:58.555"></status>
</kw>
<status status="PASS" starttime="20200726 22:57:25.843" endtime="20200726 22:57:58.556" critical="yes"></status>
</test>
<doc>Testes login NinjaChef Mobile</doc>
<status status="PASS" starttime="20200726 22:57:24.808" endtime="20200726 22:57:58.559"></status>
</suite>
<statistics>
<total>
<stat pass="1" fail="0">Critical Tests</stat>
<stat pass="1" fail="0">All Tests</stat>
</total>
<tag>
</tag>
<suite>
<stat pass="1" fail="0" id="s1" name="Login">Login</stat>
</suite>
</statistics>
<errors>
</errors>
</robot>
